<?xml version="1.0" encoding="UTF-8"?>
<testng-results ignored="0" total="3" passed="1" failed="2" skipped="0">
  <reporter-output>
    <line>
      <![CDATA[database connected]]>
    </line>
    <line>
      <![CDATA[lagged in succesfully]]>
    </line>
    <line>
      <![CDATA[tets Started]]>
    </line>
    <line>
      <![CDATA[customer created]]>
    </line>
    <line>
      <![CDATA[TetsScript passed succcessfully]]>
    </line>
    <line>
      <![CDATA[logged out]]>
    </line>
    <line>
      <![CDATA[lagged in succesfully]]>
    </line>
    <line>
      <![CDATA[tets Started]]>
    </line>
    <line>
      <![CDATA[logged out]]>
    </line>
    <line>
      <![CDATA[lagged in succesfully]]>
    </line>
    <line>
      <![CDATA[tets Started]]>
    </line>
    <line>
      <![CDATA[logged out]]>
    </line>
    <line>
      <![CDATA[browser closed]]>
    </line>
    <line>
      <![CDATA[database disconnected]]>
    </line>
  </reporter-output>
  <suite started-at="2023-03-27T11:54:10 IST" name="Default suite" finished-at="2023-03-27T11:54:33 IST" duration-ms="22841">
    <groups>
    </groups>
    <test started-at="2023-03-27T11:54:10 IST" name="Default test" finished-at="2023-03-27T11:54:33 IST" duration-ms="22841">
      <class name="TestngPrograms.Snake">
        <test-method is-config="true" signature="databaseConnection()[pri:0, instance:TestngPrograms.Snake@5119fb47]" started-at="2023-03-27T11:54:10 IST" name="databaseConnection" finished-at="2023-03-27T11:54:10 IST" duration-ms="6" status="PASS">
          <reporter-output>
            <line>
              <![CDATA[database connected]]>
            </line>
          </reporter-output>
        </test-method> <!-- databaseConnection -->
        <test-method is-config="true" signature="lauchBrowser()[pri:0, instance:TestngPrograms.Snake@5119fb47]" started-at="2023-03-27T11:54:10 IST" name="lauchBrowser" finished-at="2023-03-27T11:54:18 IST" duration-ms="8015" status="PASS">
          <reporter-output>
          </reporter-output>
        </test-method> <!-- lauchBrowser -->
        <test-method is-config="true" signature="login()[pri:0, instance:TestngPrograms.Snake@5119fb47]" started-at="2023-03-27T11:54:18 IST" name="login" finished-at="2023-03-27T11:54:18 IST" duration-ms="217" status="PASS">
          <reporter-output>
            <line>
              <![CDATA[lagged in succesfully]]>
            </line>
          </reporter-output>
        </test-method> <!-- login -->
        <test-method signature="createCustomer()[pri:0, instance:TestngPrograms.Snake@5119fb47]" started-at="2023-03-27T11:54:18 IST" name="createCustomer" finished-at="2023-03-27T11:54:18 IST" duration-ms="12" status="PASS">
          <reporter-output>
            <line>
              <![CDATA[tets Started]]>
            </line>
            <line>
              <![CDATA[customer created]]>
            </line>
            <line>
              <![CDATA[TetsScript passed succcessfully]]>
            </line>
          </reporter-output>
        </test-method> <!-- createCustomer -->
        <test-method is-config="true" signature="logout()[pri:0, instance:TestngPrograms.Snake@5119fb47]" started-at="2023-03-27T11:54:18 IST" name="logout" finished-at="2023-03-27T11:54:24 IST" duration-ms="5070" status="PASS">
          <reporter-output>
            <line>
              <![CDATA[logged out]]>
            </line>
          </reporter-output>
        </test-method> <!-- logout -->
        <test-method is-config="true" signature="login()[pri:0, instance:TestngPrograms.Snake@5119fb47]" started-at="2023-03-27T11:54:24 IST" name="login" finished-at="2023-03-27T11:54:24 IST" duration-ms="173" status="PASS">
          <reporter-output>
            <line>
              <![CDATA[lagged in succesfully]]>
            </line>
          </reporter-output>
        </test-method> <!-- login -->
        <test-method signature="cat()[pri:0, instance:TestngPrograms.Snake@5119fb47]" started-at="2023-03-27T11:54:24 IST" name="cat" finished-at="2023-03-27T11:54:24 IST" duration-ms="7" status="FAIL">
          <exception class="java.lang.AssertionError">
            <message>
              <![CDATA[null]]>
            </message>
            <full-stacktrace>
              <![CDATA[java.lang.AssertionError: null
at org.testng.Assert.fail(Assert.java:99)
at org.testng.Assert.fail(Assert.java:106)
at TestngPrograms.Snake.cat(Snake.java:16)
at java.base/jdk.internal.reflect.DirectMethodHandleAccessor.invoke(DirectMethodHandleAccessor.java:104)
at java.base/java.lang.reflect.Method.invoke(Method.java:578)
at org.testng.internal.MethodInvocationHelper.invokeMethod(MethodInvocationHelper.java:133)
at org.testng.internal.TestInvoker.invokeMethod(TestInvoker.java:598)
at org.testng.internal.TestInvoker.invokeTestMethod(TestInvoker.java:173)
at org.testng.internal.MethodRunner.runInSequence(MethodRunner.java:46)
at org.testng.internal.TestInvoker$MethodInvocationAgent.invoke(TestInvoker.java:824)
at org.testng.internal.TestInvoker.invokeTestMethods(TestInvoker.java:146)
at org.testng.internal.TestMethodWorker.invokeTestMethods(TestMethodWorker.java:146)
at org.testng.internal.TestMethodWorker.run(TestMethodWorker.java:128)
at java.base/java.util.ArrayList.forEach(ArrayList.java:1511)
at org.testng.TestRunner.privateRun(TestRunner.java:794)
at org.testng.TestRunner.run(TestRunner.java:596)
at org.testng.SuiteRunner.runTest(SuiteRunner.java:377)
at org.testng.SuiteRunner.runSequentially(SuiteRunner.java:371)
at org.testng.SuiteRunner.privateRun(SuiteRunner.java:332)
at org.testng.SuiteRunner.run(SuiteRunner.java:276)
at org.testng.SuiteRunnerWorker.runSuite(SuiteRunnerWorker.java:53)
at org.testng.SuiteRunnerWorker.run(SuiteRunnerWorker.java:96)
at org.testng.TestNG.runSuitesSequentially(TestNG.java:1212)
at org.testng.TestNG.runSuitesLocally(TestNG.java:1134)
at org.testng.TestNG.runSuites(TestNG.java:1063)
at org.testng.TestNG.run(TestNG.java:1031)
at org.testng.remote.AbstractRemoteTestNG.run(AbstractRemoteTestNG.java:115)
at org.testng.remote.RemoteTestNG.initAndRun(RemoteTestNG.java:251)
at org.testng.remote.RemoteTestNG.main(RemoteTestNG.java:77)
]]>
            </full-stacktrace>
          </exception> <!-- java.lang.AssertionError -->
          <reporter-output>
            <line>
              <![CDATA[tets Started]]>
            </line>
          </reporter-output>
        </test-method> <!-- cat -->
        <test-method is-config="true" signature="logout()[pri:0, instance:TestngPrograms.Snake@5119fb47]" started-at="2023-03-27T11:54:24 IST" name="logout" finished-at="2023-03-27T11:54:28 IST" duration-ms="4075" status="PASS">
          <reporter-output>
            <line>
              <![CDATA[logged out]]>
            </line>
          </reporter-output>
        </test-method> <!-- logout -->
        <test-method is-config="true" signature="login()[pri:0, instance:TestngPrograms.Snake@5119fb47]" started-at="2023-03-27T11:54:28 IST" name="login" finished-at="2023-03-27T11:54:28 IST" duration-ms="173" status="PASS">
          <reporter-output>
            <line>
              <![CDATA[lagged in succesfully]]>
            </line>
          </reporter-output>
        </test-method> <!-- login -->
        <test-method signature="rat()[pri:0, instance:TestngPrograms.Snake@5119fb47]" started-at="2023-03-27T11:54:28 IST" name="rat" finished-at="2023-03-27T11:54:28 IST" duration-ms="2" status="FAIL">
          <exception class="java.lang.AssertionError">
            <message>
              <![CDATA[null]]>
            </message>
            <full-stacktrace>
              <![CDATA[java.lang.AssertionError: null
at org.testng.Assert.fail(Assert.java:99)
at org.testng.Assert.fail(Assert.java:106)
at TestngPrograms.Snake.rat(Snake.java:11)
at java.base/jdk.internal.reflect.DirectMethodHandleAccessor.invoke(DirectMethodHandleAccessor.java:104)
at java.base/java.lang.reflect.Method.invoke(Method.java:578)
at org.testng.internal.MethodInvocationHelper.invokeMethod(MethodInvocationHelper.java:133)
at org.testng.internal.TestInvoker.invokeMethod(TestInvoker.java:598)
at org.testng.internal.TestInvoker.invokeTestMethod(TestInvoker.java:173)
at org.testng.internal.MethodRunner.runInSequence(MethodRunner.java:46)
at org.testng.internal.TestInvoker$MethodInvocationAgent.invoke(TestInvoker.java:824)
at org.testng.internal.TestInvoker.invokeTestMethods(TestInvoker.java:146)
at org.testng.internal.TestMethodWorker.invokeTestMethods(TestMethodWorker.java:146)
at org.testng.internal.TestMethodWorker.run(TestMethodWorker.java:128)
at java.base/java.util.ArrayList.forEach(ArrayList.java:1511)
at org.testng.TestRunner.privateRun(TestRunner.java:794)
at org.testng.TestRunner.run(TestRunner.java:596)
at org.testng.SuiteRunner.runTest(SuiteRunner.java:377)
at org.testng.SuiteRunner.runSequentially(SuiteRunner.java:371)
at org.testng.SuiteRunner.privateRun(SuiteRunner.java:332)
at org.testng.SuiteRunner.run(SuiteRunner.java:276)
at org.testng.SuiteRunnerWorker.runSuite(SuiteRunnerWorker.java:53)
at org.testng.SuiteRunnerWorker.run(SuiteRunnerWorker.java:96)
at org.testng.TestNG.runSuitesSequentially(TestNG.java:1212)
at org.testng.TestNG.runSuitesLocally(TestNG.java:1134)
at org.testng.TestNG.runSuites(TestNG.java:1063)
at org.testng.TestNG.run(TestNG.java:1031)
at org.testng.remote.AbstractRemoteTestNG.run(AbstractRemoteTestNG.java:115)
at org.testng.remote.RemoteTestNG.initAndRun(RemoteTestNG.java:251)
at org.testng.remote.RemoteTestNG.main(RemoteTestNG.java:77)
]]>
            </full-stacktrace>
          </exception> <!-- java.lang.AssertionError -->
          <reporter-output>
            <line>
              <![CDATA[tets Started]]>
            </line>
          </reporter-output>
        </test-method> <!-- rat -->
        <test-method is-config="true" signature="logout()[pri:0, instance:TestngPrograms.Snake@5119fb47]" started-at="2023-03-27T11:54:28 IST" name="logout" finished-at="2023-03-27T11:54:33 IST" duration-ms="4392" status="PASS">
          <reporter-output>
            <line>
              <![CDATA[logged out]]>
            </line>
          </reporter-output>
        </test-method> <!-- logout -->
        <test-method is-config="true" signature="closeBrowser()[pri:0, instance:TestngPrograms.Snake@5119fb47]" started-at="2023-03-27T11:54:33 IST" name="closeBrowser" finished-at="2023-03-27T11:54:33 IST" duration-ms="155" status="PASS">
          <reporter-output>
            <line>
              <![CDATA[browser closed]]>
            </line>
          </reporter-output>
        </test-method> <!-- closeBrowser -->
        <test-method is-config="true" signature="databasedisconnected()[pri:0, instance:TestngPrograms.Snake@5119fb47]" started-at="2023-03-27T11:54:33 IST" name="databasedisconnected" finished-at="2023-03-27T11:54:33 IST" duration-ms="2" status="PASS">
          <reporter-output>
            <line>
              <![CDATA[database disconnected]]>
            </line>
          </reporter-output>
        </test-method> <!-- databasedisconnected -->
      </class> <!-- TestngPrograms.Snake -->
    </test> <!-- Default test -->
  </suite> <!-- Default suite -->
</testng-results>
